[framework][21:14:03,210-org.hibernate.validator.internal.util.Version.<clinit>(Version.java:21)][INFO]:HV000001: Hibernate Validator 6.0.16.Final 
[framework][21:14:04,269-org.springframework.boot.StartupInfoLogger.logStarting(StartupInfoLogger.java:50)][INFO]:Starting VIVOFinalApplication on DESKTOP-0DQ68FR with PID 13788 (D:\MyProject\VIVOFinal\target\classes started by Lenovo in D:\MyProject\VIVOFinal) 
[framework][21:14:04,273-org.springframework.boot.SpringApplication.logStartupProfileInfo(SpringApplication.java:675)][INFO]:No active profile set, falling back to default profiles: default 
[framework][21:14:10,143-org.springframework.data.repository.config.RepositoryConfigurationDelegate.registerRepositoriesIn(RepositoryConfigurationDelegate.java:126)][INFO]:Bootstrapping Spring Data repositories in DEFAULT mode. 
[framework][21:14:10,255-org.springframework.data.repository.config.RepositoryConfigurationDelegate.registerRepositoriesIn(RepositoryConfigurationDelegate.java:182)][INFO]:Finished Spring Data repository scanning in 82ms. Found 0 repository interfaces. 
[framework][21:14:11,437-org.springframework.context.support.PostProcessorRegistrationDelegate$BeanPostProcessorChecker.postProcessAfterInitialization(PostProcessorRegistrationDelegate.java:330)][INFO]:Bean 'org.springframework.transaction.annotation.ProxyTransactionManagementConfiguration' of type [org.springframework.transaction.annotation.ProxyTransactionManagementConfiguration$$EnhancerBySpringCGLIB$$e14f60c8] is not eligible for getting processed by all BeanPostProcessors (for example: not eligible for auto-proxying) 
[framework][21:14:12,579-org.springframework.boot.web.embedded.tomcat.TomcatWebServer.initialize(TomcatWebServer.java:90)][INFO]:Tomcat initialized with port(s): 8080 (http) 
[framework][21:14:14,282-org.springframework.boot.web.servlet.context.ServletWebServerApplicationContext.prepareWebApplicationContext(ServletWebServerApplicationContext.java:296)][INFO]:Root WebApplicationContext: initialization completed in 9616 ms 
[framework][21:14:14,934-com.zaxxer.hikari.HikariDataSource.getConnection(HikariDataSource.java:110)][INFO]:HikariPool-1 - Starting... 
[framework][21:14:15,674-com.zaxxer.hikari.HikariDataSource.getConnection(HikariDataSource.java:123)][INFO]:HikariPool-1 - Start completed. 
[framework][21:14:15,868-org.hibernate.jpa.internal.util.LogHelper.logPersistenceUnitInformation(LogHelper.java:31)][INFO]:HHH000204: Processing PersistenceUnitInfo [
	name: default
	...] 
[framework][21:14:16,196-org.hibernate.Version.logVersion(Version.java:45)][INFO]:HHH000412: Hibernate Core {5.2.10.Final} 
[framework][21:14:16,202-org.hibernate.cfg.Environment.<clinit>(Environment.java:213)][INFO]:HHH000206: hibernate.properties not found 
[framework][21:14:16,358-org.hibernate.annotations.common.reflection.java.JavaReflectionManager.<clinit>(JavaReflectionManager.java:66)][INFO]:HCANN000001: Hibernate Commons Annotations {5.0.1.Final} 
[framework][21:14:17,230-org.hibernate.dialect.Dialect.<init>(Dialect.java:157)][INFO]:HHH000400: Using dialect: org.hibernate.dialect.MySQL5Dialect 
[framework][21:14:20,305-org.springframework.orm.jpa.AbstractEntityManagerFactoryBean.buildNativeEntityManagerFactory(AbstractEntityManagerFactoryBean.java:415)][INFO]:Initialized JPA EntityManagerFactory for persistence unit 'default' 
[framework][21:14:21,883-org.springframework.scheduling.concurrent.ExecutorConfigurationSupport.initialize(ExecutorConfigurationSupport.java:171)][INFO]:Initializing ExecutorService 'applicationTaskExecutor' 
[framework][21:14:22,784-org.springframework.boot.web.embedded.tomcat.TomcatWebServer.start(TomcatWebServer.java:204)][INFO]:Tomcat started on port(s): 8080 (http) with context path '' 
[framework][21:14:22,794-org.springframework.boot.StartupInfoLogger.logStarted(StartupInfoLogger.java:59)][INFO]:Started VIVOFinalApplication in 20.228 seconds (JVM running for 25.744) 
[framework][21:14:30,146-org.springframework.web.servlet.FrameworkServlet.initServletBean(FrameworkServlet.java:524)][INFO]:Initializing Servlet 'dispatcherServlet' 
[framework][21:14:30,182-org.springframework.web.servlet.FrameworkServlet.initServletBean(FrameworkServlet.java:546)][INFO]:Completed initialization in 35 ms 
[framework][21:15:18,258-org.hibernate.hql.internal.QueryTranslatorFactoryInitiator.initiateService(QueryTranslatorFactoryInitiator.java:47)][INFO]:HHH000397: Using ASTQueryTranslatorFactory 
